<?xml version="1.0" encoding="UTF-8"?>
<!-- Generated by org.testng.reporters.JUnitReportReporter -->
<testsuite hostname="Jay" failures="0" tests="1" name="cucumberOptions.TestRunner" time="16.161" errors="0" timestamp="02 Jun 2020 16:38:51 GMT" skipped="0">
  <testcase classname="cucumberOptions.TestRunner" name="feature" time="16.161"/>
</testsuite> <!-- cucumberOptions.TestRunner -->
