<?xml version="1.0" encoding="UTF-8"?>
<!-- Generated by org.testng.reporters.JUnitReportReporter -->
<testsuite hostname="Jay" failures="0" tests="1" name="endtoend.SignUpUser" time="2.573" errors="0" timestamp="24 May 2020 08:17:38 GMT" skipped="0">
  <testcase classname="endtoend.SignUpUser" name="getUserSignUp" time="2.573"/>
</testsuite> <!-- endtoend.SignUpUser -->
