<?xml version="1.0" encoding="UTF-8"?>
<!-- Generated by org.testng.reporters.JUnitReportReporter -->
<testsuite hostname="Jay" failures="0" tests="4" name="Loan" time="0.000" errors="0" timestamp="8 Jun 2020 12:25:09 GMT">
  <testcase classname="Loan" name="homeLoan" time="0.000"/>
  <testcase classname="Loan" name="personalLoan" time="0.000"/>
  <testcase classname="Loan" name="goldLoan" time="0.000"/>
  <testcase classname="Loan" name="carLoan" time="0.000"/>
</testsuite> <!-- Loan -->
