<?xml version="1.0" encoding="UTF-8"?>
<!-- Generated by org.testng.reporters.JUnitReportReporter -->
<testsuite hostname="Jay" failures="0" tests="1" name="endtoend.Test1" time="1.975" errors="0" timestamp="23 May 2020 15:02:19 GMT" skipped="0">
  <testcase classname="endtoend.Test1" name="pageNavigation" time="1.975"/>
</testsuite> <!-- endtoend.Test1 -->
