<?xml version="1.0" encoding="UTF-8"?>
<!-- Generated by org.testng.reporters.JUnitReportReporter -->
<testsuite hostname="Jay" failures="0" tests="2" name="mavenproject.LoginTest" time="0.001" errors="0" timestamp="10 May 2020 16:42:45 GMT">
  <testcase classname="mavenproject.LoginTest" name="AdminLogin" time="0.000"/>
  <testcase classname="mavenproject.LoginTest" name="userLogin" time="0.001"/>
</testsuite> <!-- mavenproject.LoginTest -->
