<?xml version="1.0" encoding="UTF-8"?>
<!-- Generated by org.testng.reporters.JUnitReportReporter -->
<testsuite hostname="Jay" failures="0" tests="2" name="mavenproject.SelectTest" time="0.030" errors="0" timestamp="10 May 2020 16:42:45 GMT">
  <testcase classname="mavenproject.SelectTest" name="selectService" time="0.001"/>
  <testcase classname="mavenproject.SelectTest" name="selectProduct" time="0.029"/>
</testsuite> <!-- mavenproject.SelectTest -->
