<?xml version="1.0" encoding="UTF-8"?>
<!-- Generated by org.testng.reporters.JUnitReportReporter -->
<testsuite hostname="Jay" failures="0" tests="1" name="endtoend.LoginUser" time="1.913" errors="0" timestamp="8 Jun 2020 12:48:15 GMT">
  <testcase classname="endtoend.LoginUser" name="getUserLogin" time="1.913"/>
</testsuite> <!-- endtoend.LoginUser -->
