<?xml version="1.0" encoding="UTF-8"?>
<!-- Generated by org.testng.reporters.JUnitReportReporter -->
<testsuite hostname="Jay" failures="0" tests="1" name="endtoend.SignUpUser" time="3.685" errors="0" timestamp="8 Jun 2020 12:48:15 GMT">
  <testcase classname="endtoend.SignUpUser" name="getUserSignUp" time="3.685"/>
</testsuite> <!-- endtoend.SignUpUser -->
