<?xml version="1.0" encoding="UTF-8"?>
<!-- Generated by org.testng.reporters.JUnitReportReporter -->
<testsuite hostname="Jay" failures="0" tests="1" name="endtoend.LoginUser" time="1.645" errors="0" timestamp="24 May 2020 07:40:57 GMT" skipped="0">
  <testcase classname="endtoend.LoginUser" name="getUserLogin" time="1.645"/>
</testsuite> <!-- endtoend.LoginUser -->
