<?xml version="1.0" encoding="UTF-8"?>
<!-- Generated by org.testng.reporters.JUnitReportReporter -->
<testsuite hostname="Jay" failures="0" tests="4" name="Login" time="0.000" errors="0" timestamp="8 Jun 2020 12:25:20 GMT">
  <testcase classname="Login" name="userLogin" time="0.000"/>
  <testcase classname="Login" name="custLogin" time="0.000"/>
  <testcase classname="Login" name="guestLogin" time="0.000"/>
  <testcase classname="Login" name="adminLogin" time="0.000"/>
</testsuite> <!-- Login -->
