<?xml version="1.0" encoding="UTF-8"?>
<!-- Generated by org.testng.reporters.JUnitReportReporter -->
<testsuite hostname="Jay" failures="0" tests="1" name="testcase.Rediff" time="10.728" errors="0" timestamp="16 May 2020 14:50:00 GMT">
  <testcase classname="testcase.Rediff" name="login" time="10.728"/>
</testsuite> <!-- testcase.Rediff -->
