<?xml version="1.0" encoding="UTF-8"?>
<!-- Generated by org.testng.reporters.JUnitReportReporter -->
<testsuite hostname="Jay" failures="0" tests="2" name="mavenproject.CancelTest" time="0.016" errors="0" timestamp="2020-05-10T21:45:19 IST" skipped="0">
  <testcase classname="mavenproject.CancelTest" name="cancelOrder" time="0.016"/>
  <system-out/>
  <testcase classname="mavenproject.CancelTest" name="cancelService" time="0.000"/>
  <system-out/>
</testsuite> <!-- mavenproject.CancelTest -->
