<?xml version="1.0" encoding="UTF-8"?>
<!-- Generated by org.testng.reporters.JUnitReportReporter -->
<testsuite hostname="Jay" failures="0" tests="2" name="mavenproject.SelectTest" time="0.014" errors="0" timestamp="2020-05-10T21:45:19 IST" skipped="0">
  <testcase classname="mavenproject.SelectTest" name="selectProduct" time="0.012"/>
  <system-out/>
  <testcase classname="mavenproject.SelectTest" name="selectService" time="0.002"/>
  <system-out/>
</testsuite> <!-- mavenproject.SelectTest -->
